{"total": {"lines":{"total":111,"covered":75,"skipped":0,"pct":67.56},"statements":{"total":152,"covered":100,"skipped":0,"pct":65.78},"functions":{"total":36,"covered":19,"skipped":0,"pct":52.77},"branches":{"total":51,"covered":25,"skipped":0,"pct":49.01},"branchesTrue":{"total":0,"covered":0,"skipped":0,"pct":100}}
,"/Users/amit/bcroot/movie-explorer/src/App.tsx": {"lines":{"total":7,"covered":7,"skipped":0,"pct":100},"functions":{"total":1,"covered":1,"skipped":0,"pct":100},"statements":{"total":8,"covered":8,"skipped":0,"pct":100},"branches":{"total":0,"covered":0,"skipped":0,"pct":100}}
,"/Users/amit/bcroot/movie-explorer/src/components/MovieCard.tsx": {"lines":{"total":6,"covered":6,"skipped":0,"pct":100},"functions":{"total":2,"covered":2,"skipped":0,"pct":100},"statements":{"total":9,"covered":9,"skipped":0,"pct":100},"branches":{"total":4,"covered":4,"skipped":0,"pct":100}}
,"/Users/amit/bcroot/movie-explorer/src/components/SearchBar.tsx": {"lines":{"total":11,"covered":0,"skipped":0,"pct":0},"functions":{"total":3,"covered":0,"skipped":0,"pct":0},"statements":{"total":15,"covered":0,"skipped":0,"pct":0},"branches":{"total":3,"covered":0,"skipped":0,"pct":0}}
,"/Users/amit/bcroot/movie-explorer/src/constants/Movie.ts": {"lines":{"total":3,"covered":3,"skipped":0,"pct":100},"functions":{"total":0,"covered":0,"skipped":0,"pct":100},"statements":{"total":3,"covered":3,"skipped":0,"pct":100},"branches":{"total":0,"covered":0,"skipped":0,"pct":100}}
,"/Users/amit/bcroot/movie-explorer/src/pages/Favorites.tsx": {"lines":{"total":20,"covered":15,"skipped":0,"pct":75},"functions":{"total":8,"covered":5,"skipped":0,"pct":62.5},"statements":{"total":23,"covered":17,"skipped":0,"pct":73.91},"branches":{"total":7,"covered":5,"skipped":0,"pct":71.42}}
,"/Users/amit/bcroot/movie-explorer/src/pages/Home.tsx": {"lines":{"total":34,"covered":24,"skipped":0,"pct":70.58},"functions":{"total":12,"covered":7,"skipped":0,"pct":58.33},"statements":{"total":45,"covered":33,"skipped":0,"pct":73.33},"branches":{"total":13,"covered":6,"skipped":0,"pct":46.15}}
,"/Users/amit/bcroot/movie-explorer/src/pages/MovieDetails.tsx": {"lines":{"total":10,"covered":5,"skipped":0,"pct":50},"functions":{"total":1,"covered":0,"skipped":0,"pct":0},"statements":{"total":15,"covered":5,"skipped":0,"pct":33.33},"branches":{"total":8,"covered":0,"skipped":0,"pct":0}}
,"/Users/amit/bcroot/movie-explorer/src/utils/fetcher.ts": {"lines":{"total":15,"covered":10,"skipped":0,"pct":66.66},"functions":{"total":8,"covered":3,"skipped":0,"pct":37.5},"statements":{"total":28,"covered":19,"skipped":0,"pct":67.85},"branches":{"total":16,"covered":10,"skipped":0,"pct":62.5}}
,"/Users/amit/bcroot/movie-explorer/src/utils/sanitizeInput.ts": {"lines":{"total":5,"covered":5,"skipped":0,"pct":100},"functions":{"total":1,"covered":1,"skipped":0,"pct":100},"statements":{"total":6,"covered":6,"skipped":0,"pct":100},"branches":{"total":0,"covered":0,"skipped":0,"pct":100}}
}
