{"total": {"lines":{"total":108,"covered":102,"skipped":0,"pct":94.44},"statements":{"total":149,"covered":141,"skipped":0,"pct":94.63},"functions":{"total":35,"covered":32,"skipped":0,"pct":91.42},"branches":{"total":56,"covered":50,"skipped":0,"pct":89.28},"branchesTrue":{"total":0,"covered":0,"skipped":0,"pct":100}}
,"/Users/amit/bcroot/movie-explorer/src/App.tsx": {"lines":{"total":7,"covered":7,"skipped":0,"pct":100},"functions":{"total":1,"covered":1,"skipped":0,"pct":100},"statements":{"total":8,"covered":8,"skipped":0,"pct":100},"branches":{"total":0,"covered":0,"skipped":0,"pct":100}}
,"/Users/amit/bcroot/movie-explorer/src/components/MovieCard.tsx": {"lines":{"total":6,"covered":6,"skipped":0,"pct":100},"functions":{"total":2,"covered":2,"skipped":0,"pct":100},"statements":{"total":9,"covered":9,"skipped":0,"pct":100},"branches":{"total":4,"covered":4,"skipped":0,"pct":100}}
,"/Users/amit/bcroot/movie-explorer/src/components/SearchBar.tsx": {"lines":{"total":10,"covered":10,"skipped":0,"pct":100},"functions":{"total":5,"covered":5,"skipped":0,"pct":100},"statements":{"total":14,"covered":14,"skipped":0,"pct":100},"branches":{"total":2,"covered":2,"skipped":0,"pct":100}}
,"/Users/amit/bcroot/movie-explorer/src/constants/Movie.ts": {"lines":{"total":3,"covered":3,"skipped":0,"pct":100},"functions":{"total":0,"covered":0,"skipped":0,"pct":100},"statements":{"total":3,"covered":3,"skipped":0,"pct":100},"branches":{"total":0,"covered":0,"skipped":0,"pct":100}}
,"/Users/amit/bcroot/movie-explorer/src/pages/Favorites.tsx": {"lines":{"total":21,"covered":21,"skipped":0,"pct":100},"functions":{"total":8,"covered":8,"skipped":0,"pct":100},"statements":{"total":24,"covered":24,"skipped":0,"pct":100},"branches":{"total":9,"covered":7,"skipped":0,"pct":77.77}}
,"/Users/amit/bcroot/movie-explorer/src/pages/Home.tsx": {"lines":{"total":32,"covered":26,"skipped":0,"pct":81.25},"functions":{"total":9,"covered":6,"skipped":0,"pct":66.66},"statements":{"total":43,"covered":35,"skipped":0,"pct":81.39},"branches":{"total":11,"covered":9,"skipped":0,"pct":81.81}}
,"/Users/amit/bcroot/movie-explorer/src/pages/MovieDetails.tsx": {"lines":{"total":10,"covered":10,"skipped":0,"pct":100},"functions":{"total":1,"covered":1,"skipped":0,"pct":100},"statements":{"total":15,"covered":15,"skipped":0,"pct":100},"branches":{"total":8,"covered":6,"skipped":0,"pct":75}}
,"/Users/amit/bcroot/movie-explorer/src/utils/fetcher.ts": {"lines":{"total":15,"covered":15,"skipped":0,"pct":100},"functions":{"total":8,"covered":8,"skipped":0,"pct":100},"statements":{"total":28,"covered":28,"skipped":0,"pct":100},"branches":{"total":22,"covered":22,"skipped":0,"pct":100}}
,"/Users/amit/bcroot/movie-explorer/src/utils/sanitizeInput.ts": {"lines":{"total":4,"covered":4,"skipped":0,"pct":100},"functions":{"total":1,"covered":1,"skipped":0,"pct":100},"statements":{"total":5,"covered":5,"skipped":0,"pct":100},"branches":{"total":0,"covered":0,"skipped":0,"pct":100}}
}
