TN:
SF:src/App.tsx
FN:7,(anonymous_1)
FNF:1
FNH:1
FNDA:1,(anonymous_1)
DA:1,1
DA:2,1
DA:3,1
DA:4,1
DA:5,1
DA:7,1
DA:25,1
LF:7
LH:7
BRF:0
BRH:0
end_of_record
TN:
SF:src/components/MovieCard.tsx
FN:11,(anonymous_1)
FN:24,(anonymous_2)
FNF:2
FNH:2
FNDA:10,(anonymous_1)
FNDA:1,(anonymous_2)
DA:1,3
DA:2,3
DA:11,10
DA:12,10
DA:24,1
DA:33,3
LF:6
LH:6
BRDA:25,0,0,2
BRDA:25,0,1,8
BRDA:27,1,0,2
BRDA:27,1,1,8
BRF:4
BRH:4
end_of_record
TN:
SF:src/components/SearchBar.tsx
FN:9,(anonymous_9)
FN:11,(anonymous_10)
FN:21,(anonymous_11)
FN:22,(anonymous_12)
FN:28,(anonymous_13)
FNF:5
FNH:5
FNDA:25,(anonymous_9)
FNDA:11,(anonymous_10)
FNDA:5,(anonymous_11)
FNDA:1,(anonymous_12)
FNDA:3,(anonymous_13)
DA:1,3
DA:9,25
DA:10,25
DA:11,25
DA:12,11
DA:14,25
DA:21,5
DA:22,1
DA:28,3
DA:36,3
LF:10
LH:10
BRDA:22,0,0,1
BRDA:22,0,1,1
BRF:2
BRH:2
end_of_record
TN:
SF:src/constants/Movie.ts
FNF:0
FNH:0
DA:1,3
DA:8,3
DA:9,3
LF:3
LH:3
BRF:0
BRH:0
end_of_record
TN:
SF:src/pages/Favorites.tsx
FN:5,(anonymous_11)
FN:6,(anonymous_12)
FN:12,(anonymous_13)
FN:20,(anonymous_14)
FN:21,(anonymous_15)
FN:23,(anonymous_16)
FN:37,(anonymous_17)
FN:41,(anonymous_18)
FNF:8
FNH:8
FNDA:8,(anonymous_11)
FNDA:4,(anonymous_12)
FNDA:4,(anonymous_13)
FNDA:1,(anonymous_14)
FNDA:1,(anonymous_15)
FNDA:1,(anonymous_16)
FNDA:2,(anonymous_17)
FNDA:2,(anonymous_18)
DA:1,2
DA:2,2
DA:5,2
DA:6,8
DA:7,4
DA:8,4
DA:9,4
DA:12,8
DA:14,4
DA:15,4
DA:16,3
DA:20,8
DA:21,1
DA:22,1
DA:23,1
DA:26,1
DA:27,1
DA:30,8
DA:37,2
DA:41,2
DA:51,2
LF:21
LH:21
BRDA:7,0,0,4
BRDA:7,0,1,1
BRDA:8,1,0,0
BRDA:8,1,1,4
BRDA:15,2,0,3
BRDA:22,3,0,1
BRDA:22,3,1,0
BRDA:33,4,0,6
BRDA:33,4,1,2
BRF:9
BRH:7
end_of_record
TN:
SF:src/pages/Home.tsx
FN:8,(anonymous_11)
FN:11,(anonymous_12)
FN:16,(anonymous_13)
FN:18,(anonymous_14)
FN:20,(anonymous_15)
FN:28,(anonymous_16)
FN:34,(anonymous_17)
FN:54,(anonymous_18)
FN:59,(anonymous_19)
FNF:9
FNH:6
FNDA:9,(anonymous_11)
FNDA:5,(anonymous_12)
FNDA:0,(anonymous_13)
FNDA:0,(anonymous_14)
FNDA:0,(anonymous_15)
FNDA:1,(anonymous_16)
FNDA:5,(anonymous_17)
FNDA:7,(anonymous_18)
FNDA:2,(anonymous_19)
DA:1,2
DA:2,2
DA:4,2
DA:5,2
DA:6,2
DA:8,2
DA:9,9
DA:10,9
DA:11,9
DA:12,5
DA:13,5
DA:15,9
DA:16,9
DA:18,0
DA:19,0
DA:20,0
DA:22,0
DA:24,0
DA:25,0
DA:28,9
DA:29,1
DA:30,1
DA:31,1
DA:34,9
DA:35,5
DA:36,5
DA:37,1
DA:38,1
DA:42,9
DA:55,7
DA:59,2
DA:71,2
LF:32
LH:26
BRDA:13,0,0,1
BRDA:13,0,1,4
BRDA:19,1,0,0
BRDA:19,1,1,0
BRDA:36,2,0,1
BRDA:47,3,0,3
BRDA:47,3,1,6
BRDA:49,4,0,2
BRDA:49,4,1,4
BRDA:53,5,0,4
BRDA:53,5,1,4
BRF:11
BRH:9
end_of_record
TN:
SF:src/pages/MovieDetails.tsx
FN:5,(anonymous_1)
FNF:1
FNH:1
FNDA:3,(anonymous_1)
DA:1,2
DA:2,2
DA:3,2
DA:5,2
DA:6,3
DA:7,3
DA:9,3
DA:10,2
DA:12,1
DA:50,2
LF:10
LH:10
BRDA:7,0,0,3
BRDA:7,0,1,0
BRDA:9,1,0,1
BRDA:10,2,0,1
BRDA:10,3,0,2
BRDA:10,3,1,1
BRDA:20,4,0,1
BRDA:20,4,1,0
BRF:8
BRH:6
end_of_record
TN:
SF:src/utils/fetcher.ts
FN:6,(anonymous_14)
FN:6,(anonymous_15)
FN:8,(anonymous_16)
FN:8,(anonymous_17)
FN:18,(anonymous_19)
FN:18,(anonymous_20)
FN:34,(anonymous_22)
FN:51,(anonymous_23)
FNF:8
FNH:8
FNDA:1,(anonymous_14)
FNDA:1,(anonymous_15)
FNDA:2,(anonymous_16)
FNDA:2,(anonymous_17)
FNDA:1,(anonymous_19)
FNDA:1,(anonymous_20)
FNDA:6,(anonymous_22)
FNDA:2,(anonymous_23)
DA:1,3
DA:2,3
DA:4,3
DA:6,3
DA:8,3
DA:9,2
DA:15,2
DA:18,3
DA:19,1
DA:25,1
DA:34,3
DA:39,6
DA:44,6
DA:51,3
DA:52,2
LF:15
LH:15
BRDA:9,0,0,2
BRDA:15,1,0,2
BRDA:15,1,1,1
BRDA:19,2,0,1
BRDA:40,3,0,4
BRDA:40,3,1,2
BRDA:45,4,0,2
BRDA:45,4,1,4
BRDA:45,5,0,6
BRDA:45,5,1,6
BRDA:45,6,0,4
BRDA:45,6,1,2
BRDA:45,7,0,6
BRDA:45,7,1,6
BRDA:46,8,0,2
BRDA:46,8,1,4
BRDA:46,9,0,4
BRDA:46,9,1,2
BRDA:46,10,0,6
BRDA:46,10,1,6
BRDA:52,11,0,1
BRDA:52,11,1,1
BRF:22
BRH:22
end_of_record
TN:
SF:src/utils/sanitizeInput.ts
FN:5,(anonymous_0)
FNF:1
FNH:1
FNDA:1,(anonymous_0)
DA:5,3
DA:6,1
DA:9,1
DA:16,1
LF:4
LH:4
BRF:0
BRH:0
end_of_record
