TN:
SF:src/App.tsx
FN:7,(anonymous_1)
FNF:1
FNH:1
FNDA:1,(anonymous_1)
DA:1,1
DA:2,1
DA:3,1
DA:4,1
DA:5,1
DA:7,1
DA:25,1
LF:7
LH:7
BRF:0
BRH:0
end_of_record
TN:
SF:src/components/MovieCard.tsx
FN:11,(anonymous_1)
FN:24,(anonymous_2)
FNF:2
FNH:2
FNDA:18,(anonymous_1)
FNDA:1,(anonymous_2)
DA:1,3
DA:2,3
DA:11,18
DA:12,18
DA:24,1
DA:33,3
LF:6
LH:6
BRDA:25,0,0,2
BRDA:25,0,1,16
BRDA:27,1,0,2
BRDA:27,1,1,16
BRF:4
BRH:4
end_of_record
TN:
SF:src/components/SearchBar.tsx
FN:10,(anonymous_23)
FN:13,(anonymous_24)
FN:25,(anonymous_27)
FNF:3
FNH:3
FNDA:5,(anonymous_23)
FNDA:4,(anonymous_24)
FNDA:2,(anonymous_27)
DA:1,1
DA:2,1
DA:4,1
DA:10,5
DA:11,5
DA:13,7
DA:14,2
DA:15,2
DA:18,5
DA:25,2
DA:38,1
LF:11
LH:11
BRDA:14,0,0,2
BRDA:15,1,0,2
BRDA:15,1,1,1
BRF:3
BRH:3
end_of_record
TN:
SF:src/constants/Movie.ts
FNF:0
FNH:0
DA:1,3
DA:8,3
DA:9,3
LF:3
LH:3
BRF:0
BRH:0
end_of_record
TN:
SF:src/pages/Favorites.tsx
FN:5,(anonymous_11)
FN:6,(anonymous_12)
FN:12,(anonymous_13)
FN:20,(anonymous_14)
FN:21,(anonymous_15)
FN:23,(anonymous_16)
FN:37,(anonymous_17)
FN:41,(anonymous_18)
FNF:8
FNH:8
FNDA:8,(anonymous_11)
FNDA:4,(anonymous_12)
FNDA:4,(anonymous_13)
FNDA:1,(anonymous_14)
FNDA:1,(anonymous_15)
FNDA:1,(anonymous_16)
FNDA:2,(anonymous_17)
FNDA:2,(anonymous_18)
DA:1,2
DA:2,2
DA:5,2
DA:6,8
DA:7,4
DA:8,4
DA:9,4
DA:12,8
DA:14,4
DA:15,4
DA:16,3
DA:20,8
DA:21,1
DA:22,1
DA:23,1
DA:26,1
DA:27,1
DA:30,8
DA:37,2
DA:41,2
DA:51,2
LF:21
LH:21
BRDA:7,0,0,4
BRDA:7,0,1,1
BRDA:8,1,0,0
BRDA:8,1,1,4
BRDA:15,2,0,3
BRDA:22,3,0,1
BRDA:22,3,1,0
BRDA:33,4,0,6
BRDA:33,4,1,2
BRF:9
BRH:7
end_of_record
TN:
SF:src/pages/Home.tsx
FN:7,(anonymous_11)
FN:10,(anonymous_12)
FN:15,(anonymous_13)
FN:17,(anonymous_14)
FN:19,(anonymous_15)
FN:27,(anonymous_16)
FN:33,(anonymous_17)
FN:51,(anonymous_18)
FN:52,(anonymous_19)
FN:58,(anonymous_20)
FN:71,(anonymous_21)
FN:76,(anonymous_22)
FNF:12
FNH:8
FNDA:14,(anonymous_11)
FNDA:7,(anonymous_12)
FNDA:0,(anonymous_13)
FNDA:0,(anonymous_14)
FNDA:0,(anonymous_15)
FNDA:2,(anonymous_16)
FNDA:7,(anonymous_17)
FNDA:2,(anonymous_18)
FNDA:0,(anonymous_19)
FNDA:2,(anonymous_20)
FNDA:15,(anonymous_21)
FNDA:2,(anonymous_22)
DA:1,2
DA:2,2
DA:4,2
DA:5,2
DA:7,2
DA:8,14
DA:9,14
DA:10,14
DA:11,7
DA:12,7
DA:14,14
DA:15,14
DA:17,0
DA:18,0
DA:19,0
DA:21,0
DA:23,0
DA:24,0
DA:27,14
DA:28,2
DA:29,2
DA:30,2
DA:33,14
DA:34,7
DA:35,7
DA:36,1
DA:37,1
DA:41,14
DA:51,2
DA:52,0
DA:58,2
DA:72,15
DA:76,2
DA:87,2
LF:34
LH:27
BRDA:12,0,0,1
BRDA:12,0,1,6
BRDA:18,1,0,0
BRDA:18,1,1,0
BRDA:35,2,0,1
BRDA:52,3,0,0
BRDA:52,3,1,0
BRDA:64,4,0,3
BRDA:64,4,1,11
BRDA:66,5,0,1
BRDA:66,5,1,10
BRDA:70,6,0,10
BRDA:70,6,1,10
BRF:13
BRH:9
end_of_record
TN:
SF:src/pages/MovieDetails.tsx
FN:5,(anonymous_1)
FNF:1
FNH:1
FNDA:3,(anonymous_1)
DA:1,2
DA:2,2
DA:3,2
DA:5,2
DA:6,3
DA:7,3
DA:9,3
DA:10,2
DA:12,1
DA:50,2
LF:10
LH:10
BRDA:7,0,0,3
BRDA:7,0,1,0
BRDA:9,1,0,1
BRDA:10,2,0,1
BRDA:10,3,0,2
BRDA:10,3,1,1
BRDA:20,4,0,1
BRDA:20,4,1,0
BRF:8
BRH:6
end_of_record
TN:
SF:src/utils/fetcher.ts
FN:6,(anonymous_14)
FN:6,(anonymous_15)
FN:8,(anonymous_16)
FN:8,(anonymous_17)
FN:18,(anonymous_19)
FN:18,(anonymous_20)
FN:28,(anonymous_22)
FN:41,(anonymous_23)
FNF:8
FNH:8
FNDA:1,(anonymous_14)
FNDA:1,(anonymous_15)
FNDA:2,(anonymous_16)
FNDA:2,(anonymous_17)
FNDA:1,(anonymous_19)
FNDA:1,(anonymous_20)
FNDA:7,(anonymous_22)
FNDA:2,(anonymous_23)
DA:1,3
DA:2,3
DA:4,3
DA:6,3
DA:8,3
DA:9,2
DA:15,2
DA:18,3
DA:19,1
DA:25,1
DA:28,3
DA:29,7
DA:34,7
DA:41,3
LF:14
LH:14
BRDA:9,0,0,2
BRDA:15,1,0,2
BRDA:15,1,1,1
BRDA:19,2,0,1
BRDA:30,3,0,4
BRDA:30,3,1,3
BRDA:35,4,0,2
BRDA:35,4,1,5
BRDA:35,5,0,7
BRDA:35,5,1,7
BRDA:35,6,0,5
BRDA:35,6,1,2
BRDA:35,7,0,7
BRDA:35,7,1,7
BRDA:41,8,0,1
BRDA:41,8,1,1
BRF:16
BRH:16
end_of_record
TN:
SF:src/utils/sanitizeInput.ts
FN:5,(anonymous_0)
FNF:1
FNH:1
FNDA:1,(anonymous_0)
DA:5,2
DA:6,1
DA:9,1
DA:16,1
LF:4
LH:4
BRF:0
BRH:0
end_of_record
